<?xml version="1.0" encoding="UTF-8"?>
<testsuite name="cancel order" tests="4" skipped="0" failures="0" errors="0" timestamp="2026-02-23T15:16:48" hostname="RubenS" time="0.037">
  <properties/>
  <testcase name="shouldCancelPendingOrder()" classname="com.example.order_management.domain.model.OrderTest$CancelOrder" time="0.013"/>
  <testcase name="shouldRejectCancelShippedOrder()" classname="com.example.order_management.domain.model.OrderTest$CancelOrder" time="0.011"/>
  <testcase name="shouldCancelPaidOrder()" classname="com.example.order_management.domain.model.OrderTest$CancelOrder" time="0.002"/>
  <testcase name="shouldRejectCancelDeliveredOrder()" classname="com.example.order_management.domain.model.OrderTest$CancelOrder" time="0.003"/>
  <system-out><![CDATA[]]></system-out>
  <system-err><![CDATA[]]></system-err>
</testsuite>
