<?xml version="1.0" encoding="UTF-8"?>
<testsuite name="subtraction" tests="2" skipped="0" failures="0" errors="0" timestamp="2026-02-23T15:16:48" hostname="RubenS" time="0.004">
  <properties/>
  <testcase name="shouldSubtractSameCurrency()" classname="com.example.order_management.domain.valueobject.MoneyTest$Subtraction" time="0.001"/>
  <testcase name="shouldThrowWhenSubtractingDifferentCurrencies()" classname="com.example.order_management.domain.valueobject.MoneyTest$Subtraction" time="0.002"/>
  <system-out><![CDATA[]]></system-out>
  <system-err><![CDATA[]]></system-err>
</testsuite>
