<?xml version="1.0" encoding="UTF-8"?>
<testsuite name="creation" tests="5" skipped="0" failures="0" errors="0" timestamp="2026-02-23T15:22:38" hostname="RubenS" time="0.042">
  <properties/>
  <testcase name="shouldRejectNullItems()" classname="com.example.order_management.domain.model.OrderTest$Creation" time="0.003"/>
  <testcase name="shouldCalculateTotalFromMultipleItems()" classname="com.example.order_management.domain.model.OrderTest$Creation" time="0.003"/>
  <testcase name="shouldRejectNullCustomerId()" classname="com.example.order_management.domain.model.OrderTest$Creation" time="0.003"/>
  <testcase name="shouldCreateOrderWithValidItems()" classname="com.example.order_management.domain.model.OrderTest$Creation" time="0.014"/>
  <testcase name="shouldRejectEmptyOrder()" classname="com.example.order_management.domain.model.OrderTest$Creation" time="0.004"/>
  <system-out><![CDATA[]]></system-out>
  <system-err><![CDATA[]]></system-err>
</testsuite>
