<?xml version="1.0" encoding="UTF-8"?>
<testsuite name="comparison" tests="2" skipped="0" failures="0" errors="0" timestamp="2026-02-23T15:05:32" hostname="RubenS" time="0.024">
  <properties/>
  <testcase name="shouldThrowWhenComparingDifferentCurrencies()" classname="com.example.order_management.domain.valueobject.MoneyTest$Comparison" time="0.012"/>
  <testcase name="shouldCompareLessThan()" classname="com.example.order_management.domain.valueobject.MoneyTest$Comparison" time="0.01"/>
  <system-out><![CDATA[]]></system-out>
  <system-err><![CDATA[]]></system-err>
</testsuite>
