<?xml version="1.0" encoding="UTF-8"?>
<testsuite name="creation" tests="6" skipped="0" failures="0" errors="0" timestamp="2026-02-23T15:16:48" hostname="RubenS" time="0.021">
  <properties/>
  <testcase name="shouldRejectNullUnitPrice()" classname="com.example.order_management.domain.model.OrderItemTest$Creation" time="0.002"/>
  <testcase name="shouldCreateValidOrderItem()" classname="com.example.order_management.domain.model.OrderItemTest$Creation" time="0.002"/>
  <testcase name="shouldRejectZeroQuantity()" classname="com.example.order_management.domain.model.OrderItemTest$Creation" time="0.002"/>
  <testcase name="shouldRejectNegativeUnitPrice()" classname="com.example.order_management.domain.model.OrderItemTest$Creation" time="0.003"/>
  <testcase name="shouldRejectNullProductId()" classname="com.example.order_management.domain.model.OrderItemTest$Creation" time="0.002"/>
  <testcase name="shouldRejectNegativeQuantity()" classname="com.example.order_management.domain.model.OrderItemTest$Creation" time="0.002"/>
  <system-out><![CDATA[]]></system-out>
  <system-err><![CDATA[]]></system-err>
</testsuite>
