<?xml version="1.0" encoding="UTF-8"?>
<testsuite name="creation" tests="3" skipped="0" failures="0" errors="0" timestamp="2026-02-23T15:22:38" hostname="RubenS" time="0.015">
  <properties/>
  <testcase name="shouldRejectNullValue()" classname="com.example.order_management.domain.model.OrderIdTest$Creation" time="0.005"/>
  <testcase name="shouldGenerateNewOrderId()" classname="com.example.order_management.domain.model.OrderIdTest$Creation" time="0.005"/>
  <testcase name="shouldCreateOrderIdWithValidUuid()" classname="com.example.order_management.domain.model.OrderIdTest$Creation" time="0.001"/>
  <system-out><![CDATA[]]></system-out>
  <system-err><![CDATA[]]></system-err>
</testsuite>
