<?xml version="1.0" encoding="UTF-8"?>
<testsuite name="equality" tests="2" skipped="0" failures="0" errors="0" timestamp="2026-02-23T15:11:58" hostname="RubenS" time="0.091">
  <properties/>
  <testcase name="shouldNotBeEqualWhenDifferentValues()" classname="com.example.order_management.domain.model.OrderIdTest$Equality" time="0.083"/>
  <testcase name="shouldBeEqualWhenSameValue()" classname="com.example.order_management.domain.model.OrderIdTest$Equality" time="0.005"/>
  <system-out><![CDATA[]]></system-out>
  <system-err><![CDATA[]]></system-err>
</testsuite>
