<?xml version="1.0" encoding="UTF-8"?>
<testsuite name="ship order (PAID -&gt; SHIPPED)" tests="2" skipped="0" failures="0" errors="0" timestamp="2026-02-23T15:16:48" hostname="RubenS" time="0.009">
  <properties/>
  <testcase name="shouldShipPaidOrder()" classname="com.example.order_management.domain.model.OrderTest$ShipOrder" time="0.003"/>
  <testcase name="shouldRejectShipPendingOrder()" classname="com.example.order_management.domain.model.OrderTest$ShipOrder" time="0.004"/>
  <system-out><![CDATA[]]></system-out>
  <system-err><![CDATA[]]></system-err>
</testsuite>
