<?xml version="1.0" encoding="UTF-8"?>
<testsuite name="deliver order (SHIPPED -&gt; DELIVERED)" tests="2" skipped="0" failures="0" errors="0" timestamp="2026-02-23T15:05:32" hostname="RubenS" time="0.012">
  <properties/>
  <testcase name="shouldDeliverShippedOrder()" classname="com.example.order_management.domain.model.OrderTest$DeliverOrder" time="0.003"/>
  <testcase name="shouldRejectDeliverPendingOrder()" classname="com.example.order_management.domain.model.OrderTest$DeliverOrder" time="0.006"/>
  <system-out><![CDATA[]]></system-out>
  <system-err><![CDATA[]]></system-err>
</testsuite>
