<?xml version="1.0" encoding="UTF-8"?>
<testsuite name="multiplication" tests="2" skipped="0" failures="0" errors="0" timestamp="2026-02-23T15:05:32" hostname="RubenS" time="0.015">
  <properties/>
  <testcase name="shouldMultiplyByBigDecimal()" classname="com.example.order_management.domain.valueobject.MoneyTest$Multiplication" time="0.001"/>
  <testcase name="shouldMultiplyByInteger()" classname="com.example.order_management.domain.valueobject.MoneyTest$Multiplication" time="0.012"/>
  <system-out><![CDATA[]]></system-out>
  <system-err><![CDATA[]]></system-err>
</testsuite>
